<?xml version="1.0" encoding="UTF-8"?>
<testng-results ignored="0" total="1" passed="1" failed="0" skipped="0">
  <reporter-output>
  </reporter-output>
  <suite started-at="2026-02-20T18:12:07 IST" name="Master Suite" finished-at="2026-02-20T18:12:13 IST" duration-ms="6144">
    <groups>
      <group name="sanity">
        <method signature="TC002_LoginTest.verifyLogin()[pri:0, instance:testCases.TC002_LoginTest@79517588]" name="verifyLogin" class="testCases.TC002_LoginTest"/>
      </group> <!-- sanity -->
      <group name="master">
        <method signature="TC002_LoginTest.verifyLogin()[pri:0, instance:testCases.TC002_LoginTest@79517588]" name="verifyLogin" class="testCases.TC002_LoginTest"/>
      </group> <!-- master -->
    </groups>
    <test started-at="2026-02-20T18:12:07 IST" name="chrome" finished-at="2026-02-20T18:12:13 IST" duration-ms="6144">
      <class name="testCases.TC002_LoginTest">
        <test-method is-config="true" signature="setup(java.lang.String,java.lang.String)[pri:0, instance:testCases.TC002_LoginTest@79517588]" started-at="2026-02-20T18:12:07 IST" name="setup" finished-at="2026-02-20T18:12:11 IST" duration-ms="3709" status="PASS">
          <params>
            <param index="0">
              <value>
                <![CDATA[Windows]]>
              </value>
            </param>
            <param index="1">
              <value>
                <![CDATA[chrome]]>
              </value>
            </param>
          </params>
          <reporter-output>
          </reporter-output>
        </test-method> <!-- setup -->
        <test-method signature="verifyLogin()[pri:0, instance:testCases.TC002_LoginTest@79517588]" started-at="2026-02-20T18:12:11 IST" name="verifyLogin" finished-at="2026-02-20T18:12:13 IST" duration-ms="2081" status="PASS">
          <reporter-output>
          </reporter-output>
        </test-method> <!-- verifyLogin -->
        <test-method is-config="true" signature="tearDown()[pri:0, instance:testCases.TC002_LoginTest@79517588]" started-at="2026-02-20T18:12:13 IST" name="tearDown" finished-at="2026-02-20T18:12:13 IST" duration-ms="105" status="PASS">
          <reporter-output>
          </reporter-output>
        </test-method> <!-- tearDown -->
      </class> <!-- testCases.TC002_LoginTest -->
    </test> <!-- chrome -->
  </suite> <!-- Master Suite -->
</testng-results>
